<?xml version="1.0" encoding="utf-8"?><testsuites name="pytest tests"><testsuite name="pytest" errors="0" failures="0" skipped="0" tests="14" time="10.605" timestamp="2026-02-16T13:26:54.123650+00:00" hostname="agent-env-f7b5143f-da3a-41ad-82f3-7c50fe3060cb"><testcase classname="backend.tests.test_websocket_flow.TestHealthAndSeed" name="test_health_check" time="0.135" /><testcase classname="backend.tests.test_websocket_flow.TestHealthAndSeed" name="test_seed_data" time="1.475" /><testcase classname="backend.tests.test_websocket_flow.TestAuthentication" name="test_doctor_login" time="0.363" /><testcase classname="backend.tests.test_websocket_flow.TestAuthentication" name="test_patient_login" time="0.350" /><testcase classname="backend.tests.test_websocket_flow.TestAuthentication" name="test_invalid_login" time="0.108" /><testcase classname="backend.tests.test_websocket_flow.TestDoctorScheduleFlow" name="test_get_doctor_schedules" time="0.461" /><testcase classname="backend.tests.test_websocket_flow.TestDoctorScheduleFlow" name="test_start_practice" time="0.576" /><testcase classname="backend.tests.test_websocket_flow.TestDoctorScheduleFlow" name="test_get_queue" time="0.557" /><testcase classname="backend.tests.test_websocket_flow.TestPatientFlow" name="test_get_available_schedules" time="0.446" /><testcase classname="backend.tests.test_websocket_flow.TestPatientFlow" name="test_get_schedule_detail" time="0.614" /><testcase classname="backend.tests.test_websocket_flow.TestPatientFlow" name="test_toggle_ready_status" time="0.748" /><testcase classname="backend.tests.test_websocket_flow.TestCallInvitationFlow" name="test_full_call_invitation_flow" time="1.730" /><testcase classname="backend.tests.test_websocket_flow.TestCallInvitationFlow" name="test_call_decline_flow" time="2.889" /><testcase classname="backend.tests.test_websocket_flow.TestSocketIOEndpoint" name="test_socketio_polling_endpoint" time="0.096" /></testsuite></testsuites>