<?xml version="1.0" encoding="utf-8"?><testsuites name="pytest tests"><testsuite name="pytest" errors="0" failures="1" skipped="0" tests="14" time="10.381" timestamp="2026-02-16T13:26:15.772843+00:00" hostname="agent-env-f7b5143f-da3a-41ad-82f3-7c50fe3060cb"><testcase classname="backend.tests.test_websocket_flow.TestHealthAndSeed" name="test_health_check" time="0.256" /><testcase classname="backend.tests.test_websocket_flow.TestHealthAndSeed" name="test_seed_data" time="1.520" /><testcase classname="backend.tests.test_websocket_flow.TestAuthentication" name="test_doctor_login" time="0.340" /><testcase classname="backend.tests.test_websocket_flow.TestAuthentication" name="test_patient_login" time="0.362" /><testcase classname="backend.tests.test_websocket_flow.TestAuthentication" name="test_invalid_login" time="0.115" /><testcase classname="backend.tests.test_websocket_flow.TestDoctorScheduleFlow" name="test_get_doctor_schedules" time="0.461" /><testcase classname="backend.tests.test_websocket_flow.TestDoctorScheduleFlow" name="test_start_practice" time="0.620" /><testcase classname="backend.tests.test_websocket_flow.TestDoctorScheduleFlow" name="test_get_queue" time="0.582" /><testcase classname="backend.tests.test_websocket_flow.TestPatientFlow" name="test_get_available_schedules" time="0.497" /><testcase classname="backend.tests.test_websocket_flow.TestPatientFlow" name="test_get_schedule_detail" time="0.597" /><testcase classname="backend.tests.test_websocket_flow.TestPatientFlow" name="test_toggle_ready_status" time="0.716" /><testcase classname="backend.tests.test_websocket_flow.TestCallInvitationFlow" name="test_full_call_invitation_flow" time="1.761" /><testcase classname="backend.tests.test_websocket_flow.TestCallInvitationFlow" name="test_call_decline_flow" time="2.295"><failure message="KeyError: 0">backend/tests/test_websocket_flow.py:349: in test_call_decline_flow
    schedule_id = schedules_response.json()[0]["id"]
                  ^^^^^^^^^^^^^^^^^^^^^^^^^^^^
E   KeyError: 0</failure></testcase><testcase classname="backend.tests.test_websocket_flow.TestSocketIOEndpoint" name="test_socketio_polling_endpoint" time="0.148" /></testsuite></testsuites>